TN:
SF:01-requestcount.js
FN:7,countTheNumberOfRequests
FNF:1
FNH:1
FNDA:12,countTheNumberOfRequests
DA:1,1
DA:2,1
DA:3,1
DA:4,1
DA:5,1
DA:6,1
DA:7,12
DA:8,12
DA:9,12
DA:10,12
DA:11,12
DA:12,1
DA:13,1
DA:14,1
DA:15,1
DA:16,1
DA:17,1
DA:18,10
DA:19,1
DA:20,1
DA:21,1
DA:22,0
DA:23,1
DA:24,1
DA:25,1
DA:26,2
DA:27,1
DA:28,1
DA:29,1
LF:29
LH:28
BRDA:7,0,0,12
BRDA:17,1,0,10
BRDA:25,2,0,2
BRF:3
BRH:3
end_of_record
TN:
SF:02-ratelimitter.js
FN:18,checkNumberOfRequests
FNF:1
FNH:1
FNDA:13,checkNumberOfRequests
DA:1,1
DA:2,1
DA:3,1
DA:4,1
DA:5,1
DA:6,1
DA:7,1
DA:8,1
DA:9,1
DA:10,1
DA:11,1
DA:12,1
DA:13,1
DA:14,1
DA:15,1
DA:16,2
DA:17,1
DA:18,13
DA:19,13
DA:20,13
DA:21,11
DA:22,4
DA:23,4
DA:24,4
DA:25,7
DA:26,7
DA:27,7
DA:28,11
DA:29,2
DA:30,2
DA:31,2
DA:32,2
DA:33,13
DA:34,1
DA:35,1
DA:36,6
DA:37,1
DA:38,1
DA:39,1
DA:40,0
DA:41,1
DA:42,1
DA:43,1
LF:43
LH:42
BRDA:15,0,0,2
BRDA:18,1,0,13
BRDA:20,2,0,11
BRDA:21,3,0,4
BRDA:25,4,0,7
BRDA:29,5,0,2
BRDA:35,6,0,6
BRF:7
BRH:7
end_of_record
TN:
SF:03-errorcount.js
FNF:0
FNH:0
DA:1,1
DA:2,1
DA:3,1
DA:4,1
DA:5,1
DA:6,1
DA:7,1
DA:8,1
DA:9,1
DA:10,1
DA:11,1
DA:12,1
DA:13,1
DA:14,1
DA:15,1
DA:16,1
DA:17,11
DA:18,0
DA:19,1
DA:20,1
DA:21,1
DA:22,0
DA:23,1
DA:24,1
DA:25,1
DA:26,2
DA:27,1
DA:28,1
DA:29,1
DA:30,11
DA:31,11
DA:32,1
DA:33,1
LF:33
LH:31
BRDA:16,0,0,11
BRDA:17,1,0,0
BRDA:25,2,0,2
BRDA:29,3,0,11
BRF:4
BRH:3
end_of_record
